<?xml version="1.0" encoding="UTF-8"?>
<!-- Generated by org.testng.reporters.JUnitXMLReporter -->
<testsuite hostname="SENTHIL-PC" ignored="2" name="test(failed)" tests="1" failures="1" timestamp="2020-04-21T11:14:27 IST" time="0.083" errors="0">
  <testcase name="method1" time="0.015" classname="yuPackage.ParallelEx">
    <failure type="java.lang.AssertionError" message="expected [false] but found [true]">
      <![CDATA[java.lang.AssertionError: expected [false] but found [true]
at yuPackage.ParallelEx.method1(ParallelEx.java:10)
at java.util.ArrayList.forEach(ArrayList.java:1257)
... Removed 32 stack frames]]>
    </failure>
  </testcase> <!-- method1 -->
  <testcase name="method3" time="0.0" classname="yuPackage.ParallelEx">
    <ignored/>
  </testcase> <!-- method3 -->
  <testcase name="method2" time="0.0" classname="yuPackage.ParallelEx">
    <ignored/>
  </testcase> <!-- method2 -->
</testsuite> <!-- test(failed) -->
