<?xml version="1.0" encoding="UTF-8"?>
<!-- Generated by org.testng.reporters.JUnitXMLReporter -->
<testsuite hostname="SENTHIL-PC" ignored="0" name="test" tests="7" failures="1" timestamp="2020-04-21T11:18:56 IST" time="0.135" errors="0">
  <testcase name="m1" time="0.023" classname="seleniumInterViewPreparation.RerunFailedTestCase">
    <skipped/>
  </testcase> <!-- m1 -->
  <testcase name="m1" time="0.004" classname="seleniumInterViewPreparation.RerunFailedTestCase">
    <skipped/>
  </testcase> <!-- m1 -->
  <testcase name="m1" time="0.001" classname="seleniumInterViewPreparation.RerunFailedTestCase">
    <skipped/>
  </testcase> <!-- m1 -->
  <testcase name="m1" time="0.001" classname="seleniumInterViewPreparation.RerunFailedTestCase">
    <skipped/>
  </testcase> <!-- m1 -->
  <testcase name="m1" time="0.002" classname="seleniumInterViewPreparation.RerunFailedTestCase">
    <skipped/>
  </testcase> <!-- m1 -->
  <testcase name="m1" time="0.001" classname="seleniumInterViewPreparation.RerunFailedTestCase">
    <failure type="java.lang.AssertionError" message="expected [false] but found [true]">
      <![CDATA[java.lang.AssertionError: expected [false] but found [true]
at seleniumInterViewPreparation.RerunFailedTestCase.m1(RerunFailedTestCase.java:11)
at java.util.ArrayList.forEach(ArrayList.java:1257)
... Removed 32 stack frames]]>
    </failure>
  </testcase> <!-- m1 -->
  <testcase name="m2" time="0.002" classname="seleniumInterViewPreparation.RerunFailedTestCase"/>
</testsuite> <!-- test -->
