<?xml version="1.0" encoding="UTF-8"?>
<!-- Generated by org.testng.reporters.JUnitReportReporter -->
<testsuite skipped="3" hostname="SENTHIL-PC" name="com.testNG.SuiteClass" tests="4" failures="0" timestamp="2020-11-19T23:32:37 IST" time="7.260" errors="1">
  <testcase name="openFb" time="0.000" classname="com.testNG.SuiteClass">
    <skipped/>
  </testcase> <!-- openFb -->
  <system-out/>
  <testcase name="beforeSuite" time="7.260" classname="com.testNG.SuiteClass">
    <error type="org.openqa.selenium.SessionNotCreatedException" message="session not created: This version of ChromeDriver only supports Chrome version 83
Build info: version: &#039;3.141.59&#039;, revision: &#039;e82be7d358&#039;, time: &#039;2018-11-14T08:25:53&#039;
System info: host: &#039;SENTHIL-PC&#039;, ip: &#039;192.168.42.194&#039;, os.name: &#039;Windows 7&#039;, os.arch: &#039;x86&#039;, os.version: &#039;6.1&#039;, java.version: &#039;1.8.0_211&#039;
Driver info: driver.version: ChromeDriver
remote stacktrace: Backtrace:
	Ordinal0 [0x00689563+2725219]
	Ordinal0 [0x00588551+1672529]
	Ordinal0 [0x00470359+525145]
	Ordinal0 [0x00400B77+68471]
	Ordinal0 [0x003FD32C+54060]
	Ordinal0 [0x0041CC37+183351]
	Ordinal0 [0x0041CA3D+182845]
	Ordinal0 [0x0041A94B+174411]
	Ordinal0 [0x00402528+75048]
	Ordinal0 [0x004035A0+79264]
	Ordinal0 [0x00403539+79161]
	Ordinal0 [0x0059D607+1758727]
	GetHandleVerifier [0x007A6546+1050150]
	GetHandleVerifier [0x007A6291+1049457]
	GetHandleVerifier [0x007B10D7+1094071]
	GetHandleVerifier [0x007A6B46+1051686]
	Ordinal0 [0x00595B06+1727238]
	Ordinal0 [0x0059EB7B+1764219]
	Ordinal0 [0x0059ECE3+1764579]
	Ordinal0 [0x005B4C05+1854469]
	BaseThreadInitThunk [0x758433CA+18]
	RtlInitializeExceptionChain [0x779E9ED2+99]
	RtlInitializeExceptionChain [0x779E9EA5+54]
">
      <![CDATA[org.openqa.selenium.SessionNotCreatedException: session not created: This version of ChromeDriver only supports Chrome version 83
Build info: version: '3.141.59', revision: 'e82be7d358', time: '2018-11-14T08:25:53'
System info: host: 'SENTHIL-PC', ip: '192.168.42.194', os.name: 'Windows 7', os.arch: 'x86', os.version: '6.1', java.version: '1.8.0_211'
Driver info: driver.version: ChromeDriver
remote stacktrace: Backtrace:
Ordinal0 [0x00689563+2725219]
Ordinal0 [0x00588551+1672529]
Ordinal0 [0x00470359+525145]
Ordinal0 [0x00400B77+68471]
Ordinal0 [0x003FD32C+54060]
Ordinal0 [0x0041CC37+183351]
Ordinal0 [0x0041CA3D+182845]
Ordinal0 [0x0041A94B+174411]
Ordinal0 [0x00402528+75048]
Ordinal0 [0x004035A0+79264]
Ordinal0 [0x00403539+79161]
Ordinal0 [0x0059D607+1758727]
GetHandleVerifier [0x007A6546+1050150]
GetHandleVerifier [0x007A6291+1049457]
GetHandleVerifier [0x007B10D7+1094071]
GetHandleVerifier [0x007A6B46+1051686]
Ordinal0 [0x00595B06+1727238]
Ordinal0 [0x0059EB7B+1764219]
Ordinal0 [0x0059ECE3+1764579]
Ordinal0 [0x005B4C05+1854469]
BaseThreadInitThunk [0x758433CA+18]
RtlInitializeExceptionChain [0x779E9ED2+99]
RtlInitializeExceptionChain [0x779E9EA5+54]

at sun.reflect.NativeConstructorAccessorImpl.newInstance0(Native Method)
at sun.reflect.NativeConstructorAccessorImpl.newInstance(Unknown Source)
at sun.reflect.DelegatingConstructorAccessorImpl.newInstance(Unknown Source)
at java.lang.reflect.Constructor.newInstance(Unknown Source)
at org.openqa.selenium.remote.W3CHandshakeResponse.lambda$errorHandler$0(W3CHandshakeResponse.java:62)
at org.openqa.selenium.remote.HandshakeResponse.lambda$getResponseFunction$0(HandshakeResponse.java:30)
at org.openqa.selenium.remote.ProtocolHandshake.lambda$createSession$0(ProtocolHandshake.java:126)
at java.util.stream.ReferencePipeline$3$1.accept(Unknown Source)
at java.util.Spliterators$ArraySpliterator.tryAdvance(Unknown Source)
at java.util.stream.ReferencePipeline.forEachWithCancel(Unknown Source)
at java.util.stream.AbstractPipeline.copyIntoWithCancel(Unknown Source)
at java.util.stream.AbstractPipeline.copyInto(Unknown Source)
at java.util.stream.AbstractPipeline.wrapAndCopyInto(Unknown Source)
at java.util.stream.FindOps$FindOp.evaluateSequential(Unknown Source)
at java.util.stream.AbstractPipeline.evaluate(Unknown Source)
at java.util.stream.ReferencePipeline.findFirst(Unknown Source)
at org.openqa.selenium.remote.ProtocolHandshake.createSession(ProtocolHandshake.java:128)
at org.openqa.selenium.remote.ProtocolHandshake.createSession(ProtocolHandshake.java:74)
at org.openqa.selenium.remote.HttpCommandExecutor.execute(HttpCommandExecutor.java:136)
at org.openqa.selenium.remote.service.DriverCommandExecutor.execute(DriverCommandExecutor.java:83)
at org.openqa.selenium.remote.RemoteWebDriver.execute(RemoteWebDriver.java:552)
at org.openqa.selenium.remote.RemoteWebDriver.startSession(RemoteWebDriver.java:213)
at org.openqa.selenium.remote.RemoteWebDriver.<init>(RemoteWebDriver.java:131)
at org.openqa.selenium.chrome.ChromeDriver.<init>(ChromeDriver.java:181)
at org.openqa.selenium.chrome.ChromeDriver.<init>(ChromeDriver.java:168)
at org.openqa.selenium.chrome.ChromeDriver.<init>(ChromeDriver.java:123)
at com.testNG.SuiteClass.beforeSuite(SuiteClass.java:48)
at sun.reflect.NativeMethodAccessorImpl.invoke0(Native Method)
at sun.reflect.NativeMethodAccessorImpl.invoke(Unknown Source)
at sun.reflect.DelegatingMethodAccessorImpl.invoke(Unknown Source)
at java.lang.reflect.Method.invoke(Unknown Source)
at org.testng.internal.MethodInvocationHelper.invokeMethod(MethodInvocationHelper.java:135)
at org.testng.internal.MethodInvocationHelper.invokeMethodConsideringTimeout(MethodInvocationHelper.java:64)
at org.testng.internal.ConfigInvoker.invokeConfigurationMethod(ConfigInvoker.java:364)
at org.testng.internal.ConfigInvoker.invokeConfigurations(ConfigInvoker.java:318)
at org.testng.SuiteRunner.privateRun(SuiteRunner.java:327)
at org.testng.SuiteRunner.run(SuiteRunner.java:286)
at org.testng.SuiteRunnerWorker.runSuite(SuiteRunnerWorker.java:53)
at org.testng.SuiteRunnerWorker.run(SuiteRunnerWorker.java:96)
at org.testng.TestNG.runSuitesSequentially(TestNG.java:1214)
at org.testng.TestNG.runSuitesLocally(TestNG.java:1136)
at org.testng.TestNG.runSuites(TestNG.java:1066)
at org.testng.TestNG.run(TestNG.java:1034)
at org.testng.remote.AbstractRemoteTestNG.run(AbstractRemoteTestNG.java:115)
at org.testng.remote.RemoteTestNG.initAndRun(RemoteTestNG.java:251)
at org.testng.remote.RemoteTestNG.main(RemoteTestNG.java:77)
]]>
    </error>
  </testcase> <!-- beforeSuite -->
  <system-out/>
  <testcase name="openBing" time="0.000" classname="com.testNG.SuiteClass">
    <skipped/>
  </testcase> <!-- openBing -->
  <system-out/>
  <testcase name="openGoogle" time="0.000" classname="com.testNG.SuiteClass">
    <skipped/>
  </testcase> <!-- openGoogle -->
  <system-out/>
</testsuite> <!-- com.testNG.SuiteClass -->
